Arguments: 
  C:\Program Files\nodejs\node.exe C:\Program Files (x86)\Yarn\bin\yarn.js add --dev arb-ethers-web3-brigde

PATH: 
  C:\Users\cpontrelli\bin;C:\Program Files\Git\mingw64\bin;C:\Program Files\Git\usr\local\bin;C:\Program Files\Git\usr\bin;C:\Program Files\Git\usr\bin;C:\Program Files\Git\mingw64\bin;C:\Program Files\Git\usr\bin;C:\Users\cpontrelli\bin;C:\Program Files (x86)\Common Files\Oracle\Java\javapath;C:\ProgramData\Oracle\Java\javapath;C:\WINDOWS\system32;C:\WINDOWS;C:\WINDOWS\System32\Wbem;C:\WINDOWS\System32\WindowsPowerShell\v1.0;C:\Program Files\Google\Google Apps Sync;C:\Program Files\Google\Google Apps Migration;C:\Program Files\Git\cmd;C:\Program Files (x86)\Yarn\bin;C:\Program Files\PostgreSQL\10\bin;C:\Program Files\PostgreSQL\10\lib;C:\WINDOWS\System32\OpenSSH;C:\Program Files\nodejs;C:\Program Files\Microsoft VS Code\bin;C:\Program Files\Microsoft SQL Server\130\Tools\Binn;C:\Users\cpontrelli\AppData\Local\Microsoft\WindowsApps;C:\Program Files\Microsoft VS Code\bin;C:\Program Files\Heroku\bin;C:\Users\cpontrelli\AppData\Local\Yarn\bin;C:\Users\cpontrelli\AppData\Roaming\npm;C:\Users\cpontrelli\AppData\Local\Box\Box Edit;C:\Program Files\Git\usr\bin\vendor_perl;C:\Program Files\Git\usr\bin\core_perl

Yarn version: 
  1.7.0

Node version: 
  10.15.3

Platform: 
  win32 x64

Trace: 
  Error: https://registry.yarnpkg.com/arb-ethers-web3-brigde: Not found
      at Request.params.callback [as _callback] (C:\Program Files (x86)\Yarn\lib\cli.js:65656:18)
      at Request.self.callback (C:\Program Files (x86)\Yarn\lib\cli.js:134675:22)
      at Request.emit (events.js:189:13)
      at Request.<anonymous> (C:\Program Files (x86)\Yarn\lib\cli.js:135658:10)
      at Request.emit (events.js:189:13)
      at IncomingMessage.<anonymous> (C:\Program Files (x86)\Yarn\lib\cli.js:135578:12)
      at Object.onceWrapper (events.js:277:13)
      at IncomingMessage.emit (events.js:194:15)
      at endReadableNT (_stream_readable.js:1125:12)
      at process._tickCallback (internal/process/next_tick.js:63:19)

npm manifest: 
  {
    "name": "coin-flip",
    "version": "1.0.0",
    "description": "",
    "main": "truffle-config.js",
    "directories": {
      "test": "test"
    },
    "scripts": {
      "test": "echo \"Error: no test specified\" && exit 1"
    },
    "repository": {
      "type": "git",
      "url": "git+https://github.com/cpontrelli/eth-coin-flip.git"
    },
    "author": "",
    "license": "ISC",
    "bugs": {
      "url": "https://github.com/cpontrelli/eth-coin-flip/issues"
    },
    "homepage": "https://github.com/cpontrelli/eth-coin-flip#readme",
    "dependencies": {
      "truffle-assertions": "^0.9.2"
    }
  }

yarn manifest: 
  No manifest

Lockfile: 
  No lockfile
